A51 MACRO ASSEMBLER  MAIN                                                                 04/28/2022 10:05:36 PAGE     1


MACRO ASSEMBLER A51 V8.2.7.0
OBJECT MODULE PLACED IN .\Objects\main.obj
ASSEMBLER INVOKED BY: C:\Keil_v5\C51\BIN\A51.EXE main.a51 SET(SMALL) DEBUG PRINT(.\Listings\main.lst) OBJECT(.\Objects\m
                      ain.obj) EP

LOC  OBJ            LINE     SOURCE

0000                   1     ORG 0000H
0000 120062            2             LCALL WAIT  
0003 120062            3             LCALL WAIT  
0006 7438              4             MOV A, #38H  
0008 120040            5             LCALL COMMAND  
000B 120062            6             LCALL WAIT  
000E 7438              7             MOV A, #38H
0010 120040            8             LCALL COMMAND
0013 120062            9             LCALL WAIT
0016 7438             10             MOV A, #38H
0018 120040           11             LCALL COMMAND  
001B 7438             12             MOV A, #38H  
001D 120040           13             LCALL COMMAND  
0020 740F             14             MOV A, #0FH  
0022 120040           15             LCALL COMMAND  
0025 7406             16             MOV A, #06  
0027 120040           17             LCALL COMMAND  
002A 7401             18             MOV A, #01H  
002C 120040           19             LCALL COMMAND  
002F 7480             20             MOV A, #80H  
0031 120040           21             LCALL COMMAND  
0034 7448             22             MOV A, #'H'  
0036 120051           23             LCALL DISPLAY  
0039 7449             24             MOV A, #'I'  
003B 120051           25             LCALL DISPLAY  
003E 80FE             26     HERE: SJMP HERE  
0040                  27     COMMAND:  
0040 F590             28             MOV P1, A  
0042 C282             29             CLR P0.2  
0044 C281             30             CLR P0.1  
0046 D280             31             SETB P0.0  
0048 120062           32             LCALL WAIT  
004B C280             33             CLR P0.0  
004D 120062           34             LCALL WAIT  
0050 22               35             RET
0051                  36     DISPLAY:  
0051 F590             37             MOV P1, A  
0053 D282             38             SETB P0.2  
0055 C281             39             CLR P0.1  
0057 D280             40             SETB P0.0  
0059 120062           41             LCALL WAIT  
005C C280             42             CLR P0.0  
005E 120062           43             LCALL WAIT  
0061 22               44             RET
0062 7E30             45     WAIT: MOV R6, #30H  
0064 7DFF             46     THERE:  MOV R5, #0FFH  
0066 DDFE             47     HERE1:  DJNZ R5, HERE1  
0068 DEFA             48             DJNZ R6, THERE
006A 22               49             RET
                      50     END
A51 MACRO ASSEMBLER  MAIN                                                                 04/28/2022 10:05:36 PAGE     2

SYMBOL TABLE LISTING
------ ----- -------


N A M E             T Y P E  V A L U E   ATTRIBUTES

COMMAND. . . . . .  C ADDR   0040H   A   
DISPLAY. . . . . .  C ADDR   0051H   A   
HERE . . . . . . .  C ADDR   003EH   A   
HERE1. . . . . . .  C ADDR   0066H   A   
P0 . . . . . . . .  D ADDR   0080H   A   
P1 . . . . . . . .  D ADDR   0090H   A   
THERE. . . . . . .  C ADDR   0064H   A   
WAIT . . . . . . .  C ADDR   0062H   A   


REGISTER BANK(S) USED: 0 


ASSEMBLY COMPLETE.  0 WARNING(S), 0 ERROR(S)
