A51 MACRO ASSEMBLER  MAIN                                                                 05/03/2022 10:51:27 PAGE     1


MACRO ASSEMBLER A51 V8.2.7.0
OBJECT MODULE PLACED IN .\Objects\main.obj
ASSEMBLER INVOKED BY: C:\Keil_v5\C51\BIN\A51.EXE main.a51 SET(SMALL) DEBUG PRINT(.\Listings\main.lst) OBJECT(.\Objects\m
                      ain.obj) EP

LOC  OBJ            LINE     SOURCE

0000                   1     ORG 000H
0000                   2             DISPLAY_INIT:
0000 120092            3             LCALL DELAY         
0003 120092            4             LCALL DELAY
0006 7438              5             MOV A, #38H
0008 120034            6             LCALL COMMAND
000B 120092            7             LCALL DELAY
000E 7438              8             MOV A, #38H
0010 120034            9             LCALL COMMAND
0013 120092           10             LCALL DELAY
0016 7438             11             MOV A, #38H
0018 120034           12             LCALL COMMAND    
001B 7438             13             MOV A, #38H        
001D 120034           14             LCALL COMMAND 
0020 740F             15             MOV A, #0FH        
0022 120034           16             LCALL COMMAND
0025 7406             17             MOV A, #06        
0027 120034           18             LCALL COMMAND
002A 7401             19             MOV A, #01H        
002C 120034           20             LCALL COMMAND
002F 7480             21             MOV A, #80H
0031 120034           22             LCALL COMMAND
                      23     
0034                  24     COMMAND:
0034 F590             25             MOV P1, A
0036 C282             26             CLR P0.2         
0038 D280             27             SETB P0.0         
003A 120092           28             LCALL DELAY
003D C280             29             CLR P0.0         
003F 120092           30             LCALL DELAY
0042 22               31             RET
                      32     
0043                  33     DISPLAY:
0043 F590             34             MOV P1, A         
0045 D282             35             SETB P0.2          
0047 D280             36             SETB P0.0         
0049 120092           37             LCALL DELAY
004C C280             38             CLR P0.0         
004E 120092           39             LCALL DELAY
                      40     
0051 7840             41             MOV R0, #40H     
0053 D285             42             SETB P0.5         
0055 75A0FF           43             MOV P2, #0FFH     
0058 758920           44             MOV TMOD, #20H     
005B 75984C           45             MOV SCON, #4CH     
005E 758DFD           46             MOV TH1, #0FDH     
0061 D28E             47             SETB TR1          
0063                  48     NEXT:
0063 C284             49             CLR P0.4                 
0065 120092           50                     LCALL DELAY   
0068 D284             51             SETB P0.4         
                      52     
006A                  53     HERE:
006A 2085FD           54             JB P0.5, HERE     
006D C283             55             CLR P0.3         
006F E5A0             56             MOV A, P2         
0071 F8               57             MOV R0, A         
A51 MACRO ASSEMBLER  MAIN                                                                 05/03/2022 10:51:27 PAGE     2

0072 D283             58             SETB P0.3          
                      59     
                      60     
0074                  61     CALCULATE_SPEED:         
0074 E8               62             MOV A, R0
0075 75F003           63                     MOV B, #3H
0078 A4               64                     MUL AB
0079 FB               65                     MOV R3, A
007A ACF0             66                     MOV R4, B
                      67                     
007C                  68     REPEAT:
                      69                     
                      70                     
007C 8023             71                     SJMP LCD_SEND_DATA
007E EB               72             MOV A, R3         
007F 118A             73             ACALL SEND              
0081 EC               74                     MOV A, R4                
0082 118A             75                     ACALL SEND
0084 7B00             76                     MOV R3, #00H
0086 7C00             77                     MOV R4, #00H
0088 0163             78                     AJMP NEXT
                      79                     
008A                  80     SEND:
008A F599             81             MOV SBUF, A         
008C 3099FD           82                     JNB TI, $
008F C299             83                     CLR TI
0091 22               84                     RET
                      85     
0092 7D10             86     DELAY:     MOV R5, #10H     
0094 7E64             87     THR3:    MOV R6, #100
0096 7FFA             88     THR2:    MOV R7, #250
0098 00               89     THR1:    NOP
0099 00               90             NOP
009A DFFC             91             DJNZ R7, THR1
009C DEF8             92             DJNZ R6, THR2
009E DDF4             93             DJNZ R5, THR3
00A0 22               94             RET
                      95     
00A1                  96     LCD_SEND_DATA:
00A1 D282             97             SETB P0.2 
00A3 8B90             98             MOV P1, R3
00A5 D280             99             SETB P0.0
00A7 00              100             NOP  
00A8 C280            101             CLR P0.0
                     102             
                     103             
00AA 1192            104             ACALL DELAY
                     105             
00AC 22              106             RET
                     107     END
A51 MACRO ASSEMBLER  MAIN                                                                 05/03/2022 10:51:27 PAGE     3

SYMBOL TABLE LISTING
------ ----- -------


N A M E             T Y P E  V A L U E   ATTRIBUTES

B. . . . . . . . .  D ADDR   00F0H   A   
CALCULATE_SPEED. .  C ADDR   0074H   A   
COMMAND. . . . . .  C ADDR   0034H   A   
DELAY. . . . . . .  C ADDR   0092H   A   
DISPLAY. . . . . .  C ADDR   0043H   A   
DISPLAY_INIT . . .  C ADDR   0000H   A   
HERE . . . . . . .  C ADDR   006AH   A   
LCD_SEND_DATA. . .  C ADDR   00A1H   A   
NEXT . . . . . . .  C ADDR   0063H   A   
P0 . . . . . . . .  D ADDR   0080H   A   
P1 . . . . . . . .  D ADDR   0090H   A   
P2 . . . . . . . .  D ADDR   00A0H   A   
REPEAT . . . . . .  C ADDR   007CH   A   
SBUF . . . . . . .  D ADDR   0099H   A   
SCON . . . . . . .  D ADDR   0098H   A   
SEND . . . . . . .  C ADDR   008AH   A   
TH1. . . . . . . .  D ADDR   008DH   A   
THR1 . . . . . . .  C ADDR   0098H   A   
THR2 . . . . . . .  C ADDR   0096H   A   
THR3 . . . . . . .  C ADDR   0094H   A   
TI . . . . . . . .  B ADDR   0098H.1 A   
TMOD . . . . . . .  D ADDR   0089H   A   
TR1. . . . . . . .  B ADDR   0088H.6 A   


REGISTER BANK(S) USED: 0 


ASSEMBLY COMPLETE.  0 WARNING(S), 0 ERROR(S)
